This is pdfTeX, Version 3.141592653-2.6-1.40.24 (TeX Live 2022) (preloaded format=pdflatex 2022.6.25)  27 JUN 2022 01:43
entering extended mode
 restricted \write18 enabled.
 %&-line parsing enabled.
**thesis.tex
(./thesis.tex
LaTeX2e <2022-06-01> patch level 3
L3 programming layer <2022-06-16> (./reedthesis.cls
Document Class: reedthesis 2004/01/27 The Reed College Thesis Class
(c:/Users/hp/AppData/Roaming/TinyTeX/texmf-dist/tex/latex/base/book.cls
Document Class: book 2021/10/04 v1.4n Standard LaTeX document class
(c:/Users/hp/AppData/Roaming/TinyTeX/texmf-dist/tex/latex/base/bk12.clo
File: bk12.clo 2021/10/04 v1.4n Standard LaTeX file (size option)
)
\c@part=\count185
\c@chapter=\count186
\c@section=\count187
\c@subsection=\count188
\c@subsubsection=\count189
\c@paragraph=\count190
\c@subparagraph=\count191
\c@figure=\count192
\c@table=\count193
\abovecaptionskip=\skip47
\belowcaptionskip=\skip48
\bibindent=\dimen138
) (c:/Users/hp/AppData/Roaming/TinyTeX/texmf-dist/tex/latex/fancyhdr/fancyhdr.sty
Package: fancyhdr 2022/05/18 v4.0.3 Extensive control of page headers and footers
\f@nch@headwidth=\skip49
\f@nch@O@elh=\skip50
\f@nch@O@erh=\skip51
\f@nch@O@olh=\skip52
\f@nch@O@orh=\skip53
\f@nch@O@elf=\skip54
\f@nch@O@erf=\skip55
\f@nch@O@olf=\skip56
\f@nch@O@orf=\skip57
) (c:/Users/hp/AppData/Roaming/TinyTeX/texmf-dist/tex/latex/fancyvrb/fancyvrb.sty
Package: fancyvrb 2022/06/06 4.5 verbatim text (tvz,hv)
(c:/Users/hp/AppData/Roaming/TinyTeX/texmf-dist/tex/latex/graphics/keyval.sty
Package: keyval 2022/05/29 v1.15 key=value parser (DPC)
\KV@toks@=\toks16
)
\FV@CodeLineNo=\count194
\FV@InFile=\read2
\FV@TabBox=\box51
\c@FancyVerbLine=\count195
\FV@StepNumber=\count196
\FV@OutFile=\write3
) (c:/Users/hp/AppData/Roaming/TinyTeX/texmf-dist/tex/generic/iftex/ifxetex.sty
Package: ifxetex 2019/10/25 v0.7 ifxetex legacy package. Use iftex instead.
(c:/Users/hp/AppData/Roaming/TinyTeX/texmf-dist/tex/generic/iftex/iftex.sty
Package: iftex 2022/02/03 v1.0f TeX engine tests
)) (c:/Users/hp/AppData/Roaming/TinyTeX/texmf-dist/tex/generic/iftex/ifluatex.sty
Package: ifluatex 2019/10/25 v1.5 ifluatex legacy package. Use iftex instead.
) (c:/Users/hp/AppData/Roaming/TinyTeX/texmf-dist/tex/latex/base/fixltx2e.sty
Package: fixltx2e 2016/12/29 v2.1a fixes to LaTeX (obsolete)
Applying: [2015/01/01] Old fixltx2e package on input line 46.

Package fixltx2e Warning: fixltx2e is not required with releases after 2015
(fixltx2e)                All fixes are now in the LaTeX kernel.
(fixltx2e)                See the latexrelease package for details.

Already applied: [0000/00/00] Old fixltx2e package on input line 53.
) (c:/Users/hp/AppData/Roaming/TinyTeX/texmf-dist/tex/latex/base/fontenc.sty
Package: fontenc 2021/04/29 v2.0v Standard LaTeX package
) (c:/Users/hp/AppData/Roaming/TinyTeX/texmf-dist/tex/latex/base/inputenc.sty
Package: inputenc 2021/02/14 v1.3d Input encoding file
\inpenc@prehook=\toks17
\inpenc@posthook=\toks18
) (c:/Users/hp/AppData/Roaming/TinyTeX/texmf-dist/tex/latex/microtype/microtype.sty
Package: microtype 2022/06/23 v3.0f Micro-typographical refinements (RS)
(c:/Users/hp/AppData/Roaming/TinyTeX/texmf-dist/tex/latex/etoolbox/etoolbox.sty
Package: etoolbox 2020/10/05 v2.5k e-TeX tools for LaTeX (JAW)
\etb@tempcnta=\count197
)
\MT@toks=\toks19
\MT@tempbox=\box52
\MT@count=\count198
LaTeX Info: Redefining \noprotrusionifhmode on input line 1045.
LaTeX Info: Redefining \leftprotrusion on input line 1046.
LaTeX Info: Redefining \rightprotrusion on input line 1056.
LaTeX Info: Redefining \textls on input line 1234.
\MT@outer@kern=\dimen139
LaTeX Info: Redefining \textmicrotypecontext on input line 1858.
\MT@listname@count=\count199
(c:/Users/hp/AppData/Roaming/TinyTeX/texmf-dist/tex/latex/microtype/microtype-pdftex.def
File: microtype-pdftex.def 2022/06/23 v3.0f Definitions specific to pdftex (RS)
LaTeX Info: Redefining \lsstyle on input line 900.
LaTeX Info: Redefining \lslig on input line 900.
\MT@outer@space=\skip58
)
Package microtype Info: Loading configuration file microtype.cfg.
(c:/Users/hp/AppData/Roaming/TinyTeX/texmf-dist/tex/latex/microtype/microtype.cfg
File: microtype.cfg 2022/06/23 v3.0f microtype main configuration file (RS)
)) (c:/Users/hp/AppData/Roaming/TinyTeX/texmf-dist/tex/latex/graphics/color.sty
Package: color 2022/01/06 v1.3d Standard LaTeX Color (DPC)
(c:/Users/hp/AppData/Roaming/TinyTeX/texmf-dist/tex/latex/graphics-cfg/color.cfg
File: color.cfg 2016/01/02 v1.6 sample color configuration
)
Package color Info: Driver file: pdftex.def on input line 149.
(c:/Users/hp/AppData/Roaming/TinyTeX/texmf-dist/tex/latex/graphics-def/pdftex.def
File: pdftex.def 2020/10/05 v1.2a Graphics/color driver for pdftex
) (c:/Users/hp/AppData/Roaming/TinyTeX/texmf-dist/tex/latex/graphics/mathcolor.ltx)) (c:/Users/hp/AppData/Roaming/TinyTeX/texmf-dist/tex/latex/framed/framed.sty
Package: framed 2011/10/22 v 0.96: framed or shaded text with page breaks
\OuterFrameSep=\skip59
\fb@frw=\dimen140
\fb@frh=\dimen141
\FrameRule=\dimen142
\FrameSep=\dimen143
)) (c:/Users/hp/AppData/Roaming/TinyTeX/texmf-dist/tex/latex/graphics/graphicx.sty
Package: graphicx 2021/09/16 v1.2d Enhanced LaTeX Graphics (DPC,SPQR)
(c:/Users/hp/AppData/Roaming/TinyTeX/texmf-dist/tex/latex/graphics/graphics.sty
Package: graphics 2022/03/10 v1.4e Standard LaTeX Graphics (DPC,SPQR)
(c:/Users/hp/AppData/Roaming/TinyTeX/texmf-dist/tex/latex/graphics/trig.sty
Package: trig 2021/08/11 v1.11 sin cos tan (DPC)
) (c:/Users/hp/AppData/Roaming/TinyTeX/texmf-dist/tex/latex/graphics-cfg/graphics.cfg
File: graphics.cfg 2016/06/04 v1.11 sample graphics configuration
)
Package graphics Info: Driver file: pdftex.def on input line 107.
)
\Gin@req@height=\dimen144
\Gin@req@width=\dimen145
) (c:/Users/hp/AppData/Roaming/TinyTeX/texmf-dist/tex/latex/base/latexsym.sty
Package: latexsym 1998/08/17 v2.2e Standard LaTeX package (lasy symbols)
\symlasy=\mathgroup4
LaTeX Font Info:    Overwriting symbol font `lasy' in version `bold'
(Font)                  U/lasy/m/n --> U/lasy/b/n on input line 52.
) (c:/Users/hp/AppData/Roaming/TinyTeX/texmf-dist/tex/latex/amsmath/amsmath.sty
Package: amsmath 2022/04/08 v2.17n AMS math features
\@mathmargin=\skip60
For additional information on amsmath, use the `?' option.
(c:/Users/hp/AppData/Roaming/TinyTeX/texmf-dist/tex/latex/amsmath/amstext.sty
Package: amstext 2021/08/26 v2.01 AMS text
(c:/Users/hp/AppData/Roaming/TinyTeX/texmf-dist/tex/latex/amsmath/amsgen.sty
File: amsgen.sty 1999/11/30 v2.0 generic functions
\@emptytoks=\toks20
\ex@=\dimen146
)) (c:/Users/hp/AppData/Roaming/TinyTeX/texmf-dist/tex/latex/amsmath/amsbsy.sty
Package: amsbsy 1999/11/29 v1.2d Bold Symbols
\pmbraise@=\dimen147
) (c:/Users/hp/AppData/Roaming/TinyTeX/texmf-dist/tex/latex/amsmath/amsopn.sty
Package: amsopn 2022/04/08 v2.04 operator names
)
\inf@bad=\count266
LaTeX Info: Redefining \frac on input line 234.
\uproot@=\count267
\leftroot@=\count268
LaTeX Info: Redefining \overline on input line 399.
LaTeX Info: Redefining \colon on input line 410.
\classnum@=\count269
\DOTSCASE@=\count270
LaTeX Info: Redefining \ldots on input line 496.
LaTeX Info: Redefining \dots on input line 499.
LaTeX Info: Redefining \cdots on input line 620.
\Mathstrutbox@=\box53
\strutbox@=\box54
LaTeX Info: Redefining \big on input line 722.
LaTeX Info: Redefining \Big on input line 723.
LaTeX Info: Redefining \bigg on input line 724.
LaTeX Info: Redefining \Bigg on input line 725.
\big@size=\dimen148
LaTeX Font Info:    Redeclaring font encoding OML on input line 743.
LaTeX Font Info:    Redeclaring font encoding OMS on input line 744.
\macc@depth=\count271
LaTeX Info: Redefining \bmod on input line 905.
LaTeX Info: Redefining \pmod on input line 910.
LaTeX Info: Redefining \smash on input line 940.
LaTeX Info: Redefining \relbar on input line 970.
LaTeX Info: Redefining \Relbar on input line 971.
\c@MaxMatrixCols=\count272
\dotsspace@=\muskip16
\c@parentequation=\count273
\dspbrk@lvl=\count274
\tag@help=\toks21
\row@=\count275
\column@=\count276
\maxfields@=\count277
\andhelp@=\toks22
\eqnshift@=\dimen149
\alignsep@=\dimen150
\tagshift@=\dimen151
\tagwidth@=\dimen152
\totwidth@=\dimen153
\lineht@=\dimen154
\@envbody=\toks23
\multlinegap=\skip61
\multlinetaggap=\skip62
\mathdisplay@stack=\toks24
LaTeX Info: Redefining \[ on input line 2953.
LaTeX Info: Redefining \] on input line 2954.
) (c:/Users/hp/AppData/Roaming/TinyTeX/texmf-dist/tex/latex/amsfonts/amssymb.sty
Package: amssymb 2013/01/14 v3.01 AMS font symbols
(c:/Users/hp/AppData/Roaming/TinyTeX/texmf-dist/tex/latex/amsfonts/amsfonts.sty
Package: amsfonts 2013/01/14 v3.01 Basic AMSFonts support
\symAMSa=\mathgroup5
\symAMSb=\mathgroup6
LaTeX Font Info:    Redeclaring math symbol \hbar on input line 98.
LaTeX Font Info:    Overwriting math alphabet `\mathfrak' in version `bold'
(Font)                  U/euf/m/n --> U/euf/b/n on input line 106.
)) (c:/Users/hp/AppData/Roaming/TinyTeX/texmf-dist/tex/latex/amscls/amsthm.sty
Package: amsthm 2020/05/29 v2.20.6
\thm@style=\toks25
\thm@bodyfont=\toks26
\thm@headfont=\toks27
\thm@notefont=\toks28
\thm@headpunct=\toks29
\thm@preskip=\skip63
\thm@postskip=\skip64
\thm@headsep=\skip65
\dth@everypar=\toks30
) (c:/Users/hp/AppData/Roaming/TinyTeX/texmf-dist/tex/latex/tools/longtable.sty
Package: longtable 2021-09-01 v4.17 Multi-page Table package (DPC)
\LTleft=\skip66
\LTright=\skip67
\LTpre=\skip68
\LTpost=\skip69
\LTchunksize=\count278
\LTcapwidth=\dimen155
\LT@head=\box55
\LT@firsthead=\box56
\LT@foot=\box57
\LT@lastfoot=\box58
\LT@gbox=\box59
\LT@cols=\count279
\LT@rows=\count280
\c@LT@tables=\count281
\c@LT@chunks=\count282
\LT@p@ftn=\toks31
) (c:/Users/hp/AppData/Roaming/TinyTeX/texmf-dist/tex/latex/booktabs/booktabs.sty
Package: booktabs 2020/01/12 v1.61803398 Publication quality tables
\heavyrulewidth=\dimen156
\lightrulewidth=\dimen157
\cmidrulewidth=\dimen158
\belowrulesep=\dimen159
\belowbottomsep=\dimen160
\aboverulesep=\dimen161
\abovetopsep=\dimen162
\cmidrulesep=\dimen163
\cmidrulekern=\dimen164
\defaultaddspace=\dimen165
\@cmidla=\count283
\@cmidlb=\count284
\@aboverulesep=\dimen166
\@belowrulesep=\dimen167
\@thisruleclass=\count285
\@lastruleclass=\count286
\@thisrulewidth=\dimen168
) (c:/Users/hp/AppData/Roaming/TinyTeX/texmf-dist/tex/latex/setspace/setspace.sty
Package: setspace 2011/12/19 v6.7a set line spacing
) (./chemarr.sty
Package: chemarr 2001/06/22 v1.1 Chemical reaction arrows (HO)
) (c:/Users/hp/AppData/Roaming/TinyTeX/texmf-dist/tex/latex/url/url.sty
\Urlmuskip=\muskip17
Package: url 2013/09/16  ver 3.4  Verb mode for urls, etc.
) (c:/Users/hp/AppData/Roaming/TinyTeX/texmf-dist/tex/latex/geometry/geometry.sty
Package: geometry 2020/01/02 v5.9 Page Geometry
(c:/Users/hp/AppData/Roaming/TinyTeX/texmf-dist/tex/generic/iftex/ifvtex.sty
Package: ifvtex 2019/10/25 v1.7 ifvtex legacy package. Use iftex instead.
)
\Gm@cnth=\count287
\Gm@cntv=\count288
\c@Gm@tempcnt=\count289
\Gm@bindingoffset=\dimen169
\Gm@wd@mp=\dimen170
\Gm@odd@mp=\dimen171
\Gm@even@mp=\dimen172
\Gm@layoutwidth=\dimen173
\Gm@layoutheight=\dimen174
\Gm@layouthoffset=\dimen175
\Gm@layoutvoffset=\dimen176
\Gm@dimlist=\toks32
) (c:/Users/hp/AppData/Roaming/TinyTeX/texmf-dist/tex/latex/hyperref/hyperref.sty
Package: hyperref 2022-06-20 v7.00s Hypertext links for LaTeX
(c:/Users/hp/AppData/Roaming/TinyTeX/texmf-dist/tex/generic/ltxcmds/ltxcmds.sty
Package: ltxcmds 2020-05-10 v1.25 LaTeX kernel commands for general use (HO)
) (c:/Users/hp/AppData/Roaming/TinyTeX/texmf-dist/tex/generic/pdftexcmds/pdftexcmds.sty
Package: pdftexcmds 2020-06-27 v0.33 Utility functions of pdfTeX for LuaTeX (HO)
(c:/Users/hp/AppData/Roaming/TinyTeX/texmf-dist/tex/generic/infwarerr/infwarerr.sty
Package: infwarerr 2019/12/03 v1.5 Providing info/warning/error messages (HO)
)
Package pdftexcmds Info: \pdf@primitive is available.
Package pdftexcmds Info: \pdf@ifprimitive is available.
Package pdftexcmds Info: \pdfdraftmode found.
) (c:/Users/hp/AppData/Roaming/TinyTeX/texmf-dist/tex/generic/kvsetkeys/kvsetkeys.sty
Package: kvsetkeys 2019/12/15 v1.18 Key value parser (HO)
) (c:/Users/hp/AppData/Roaming/TinyTeX/texmf-dist/tex/generic/kvdefinekeys/kvdefinekeys.sty
Package: kvdefinekeys 2019-12-19 v1.6 Define keys (HO)
) (c:/Users/hp/AppData/Roaming/TinyTeX/texmf-dist/tex/generic/pdfescape/pdfescape.sty
Package: pdfescape 2019/12/09 v1.15 Implements pdfTeX's escape features (HO)
) (c:/Users/hp/AppData/Roaming/TinyTeX/texmf-dist/tex/latex/hycolor/hycolor.sty
Package: hycolor 2020-01-27 v1.10 Color options for hyperref/bookmark (HO)
) (c:/Users/hp/AppData/Roaming/TinyTeX/texmf-dist/tex/latex/letltxmacro/letltxmacro.sty
Package: letltxmacro 2019/12/03 v1.6 Let assignment for LaTeX macros (HO)
) (c:/Users/hp/AppData/Roaming/TinyTeX/texmf-dist/tex/latex/auxhook/auxhook.sty
Package: auxhook 2019-12-17 v1.6 Hooks for auxiliary files (HO)
) (c:/Users/hp/AppData/Roaming/TinyTeX/texmf-dist/tex/latex/hyperref/nameref.sty
Package: nameref 2022-05-17 v2.50 Cross-referencing by name of section
(c:/Users/hp/AppData/Roaming/TinyTeX/texmf-dist/tex/latex/refcount/refcount.sty
Package: refcount 2019/12/15 v3.6 Data extraction from label references (HO)
) (c:/Users/hp/AppData/Roaming/TinyTeX/texmf-dist/tex/generic/gettitlestring/gettitlestring.sty
Package: gettitlestring 2019/12/15 v1.6 Cleanup title references (HO)
(c:/Users/hp/AppData/Roaming/TinyTeX/texmf-dist/tex/latex/kvoptions/kvoptions.sty
Package: kvoptions 2022-06-15 v3.15 Key value format for package options (HO)
))
\c@section@level=\count290
)
\@linkdim=\dimen177
\Hy@linkcounter=\count291
\Hy@pagecounter=\count292
(c:/Users/hp/AppData/Roaming/TinyTeX/texmf-dist/tex/latex/hyperref/pd1enc.def
File: pd1enc.def 2022-06-20 v7.00s Hyperref: PDFDocEncoding definition (HO)
Now handling font encoding PD1 ...
... no UTF-8 mapping file for font encoding PD1
) (c:/Users/hp/AppData/Roaming/TinyTeX/texmf-dist/tex/generic/intcalc/intcalc.sty
Package: intcalc 2019/12/15 v1.3 Expandable calculations with integers (HO)
) (c:/Users/hp/AppData/Roaming/TinyTeX/texmf-dist/tex/generic/etexcmds/etexcmds.sty
Package: etexcmds 2019/12/15 v1.7 Avoid name clashes with e-TeX commands (HO)
)
\Hy@SavedSpaceFactor=\count293
(c:/Users/hp/AppData/Roaming/TinyTeX/texmf-dist/tex/latex/hyperref/puenc.def
File: puenc.def 2022-06-20 v7.00s Hyperref: PDF Unicode definition (HO)
Now handling font encoding PU ...
... no UTF-8 mapping file for font encoding PU
)
Package hyperref Info: Option `pdfpagelabels' set `true' on input line 4045.
Package hyperref Info: Hyper figures OFF on input line 4162.
Package hyperref Info: Link nesting OFF on input line 4167.
Package hyperref Info: Hyper index ON on input line 4170.
Package hyperref Info: Plain pages OFF on input line 4177.
Package hyperref Info: Backreferencing OFF on input line 4182.
Package hyperref Info: Implicit mode ON; LaTeX internals redefined.
Package hyperref Info: Bookmarks ON on input line 4408.
\c@Hy@tempcnt=\count294
LaTeX Info: Redefining \url on input line 4746.
\XeTeXLinkMargin=\dimen178
(c:/Users/hp/AppData/Roaming/TinyTeX/texmf-dist/tex/generic/bitset/bitset.sty
Package: bitset 2019/12/09 v1.3 Handle bit-vector datatype (HO)
(c:/Users/hp/AppData/Roaming/TinyTeX/texmf-dist/tex/generic/bigintcalc/bigintcalc.sty
Package: bigintcalc 2019/12/15 v1.5 Expandable calculations on big integers (HO)
))
\Fld@menulength=\count295
\Field@Width=\dimen179
\Fld@charsize=\dimen180
Package hyperref Info: Hyper figures OFF on input line 6024.
Package hyperref Info: Link nesting OFF on input line 6029.
Package hyperref Info: Hyper index ON on input line 6032.
Package hyperref Info: backreferencing OFF on input line 6039.
Package hyperref Info: Link coloring OFF on input line 6044.
Package hyperref Info: Link coloring with OCG OFF on input line 6049.
Package hyperref Info: PDF/A mode OFF on input line 6054.
(c:/Users/hp/AppData/Roaming/TinyTeX/texmf-dist/tex/latex/base/atbegshi-ltx.sty
Package: atbegshi-ltx 2021/01/10 v1.0c Emulation of the original atbegshi
package with kernel methods
)
\Hy@abspage=\count296
\c@Item=\count297
\c@Hfootnote=\count298
)
Package hyperref Info: Driver (autodetected): hpdftex.
(c:/Users/hp/AppData/Roaming/TinyTeX/texmf-dist/tex/latex/hyperref/hpdftex.def
File: hpdftex.def 2022-06-20 v7.00s Hyperref driver for pdfTeX
(c:/Users/hp/AppData/Roaming/TinyTeX/texmf-dist/tex/latex/base/atveryend-ltx.sty
Package: atveryend-ltx 2020/08/19 v1.0a Emulation of the original atveryend package
with kernel methods
)
\Fld@listcount=\count299
\c@bookmark@seq@number=\count300
(c:/Users/hp/AppData/Roaming/TinyTeX/texmf-dist/tex/latex/rerunfilecheck/rerunfilecheck.sty
Package: rerunfilecheck 2019/12/05 v1.9 Rerun checks for auxiliary files (HO)
(c:/Users/hp/AppData/Roaming/TinyTeX/texmf-dist/tex/generic/uniquecounter/uniquecounter.sty
Package: uniquecounter 2019/12/15 v1.4 Provide unlimited unique counter (HO)
)
Package uniquecounter Info: New unique counter `rerunfilecheck' on input line 286.
)
\Hy@SectionHShift=\skip70
) (c:/Users/hp/AppData/Roaming/TinyTeX/texmf-dist/tex/latex/xcolor/xcolor.sty
Package: xcolor 2022/06/12 v2.14 LaTeX color extensions (UK)
(c:/Users/hp/AppData/Roaming/TinyTeX/texmf-dist/tex/latex/graphics-cfg/color.cfg
File: color.cfg 2016/01/02 v1.6 sample color configuration
)
Package xcolor Info: Driver file: pdftex.def on input line 227.
LaTeX Info: Redefining \color on input line 711.
(c:/Users/hp/AppData/Roaming/TinyTeX/texmf-dist/tex/latex/graphics/mathcolor.ltx)
Package xcolor Info: Model `cmy' substituted by `cmy0' on input line 1353.
Package xcolor Info: Model `hsb' substituted by `rgb' on input line 1357.
Package xcolor Info: Model `RGB' extended on input line 1369.
Package xcolor Info: Model `HTML' substituted by `rgb' on input line 1371.
Package xcolor Info: Model `Hsb' substituted by `hsb' on input line 1372.
Package xcolor Info: Model `tHsb' substituted by `hsb' on input line 1373.
Package xcolor Info: Model `HSB' substituted by `hsb' on input line 1374.
Package xcolor Info: Model `Gray' substituted by `gray' on input line 1375.
Package xcolor Info: Model `wave' substituted by `hsb' on input line 1376.
)
Package hyperref Info: Option `colorlinks' set `true' on input line 57.
Package hyperref Info: Option `linktocpage' set `true' on input line 57.
(c:/Users/hp/AppData/Roaming/TinyTeX/texmf-dist/tex/latex/lm/lmodern.sty
Package: lmodern 2015/05/01 v1.6.1 Latin Modern Fonts
LaTeX Font Info:    Overwriting symbol font `operators' in version `normal'
(Font)                  OT1/cmr/m/n --> OT1/lmr/m/n on input line 22.
LaTeX Font Info:    Overwriting symbol font `letters' in version `normal'
(Font)                  OML/cmm/m/it --> OML/lmm/m/it on input line 23.
LaTeX Font Info:    Overwriting symbol font `symbols' in version `normal'
(Font)                  OMS/cmsy/m/n --> OMS/lmsy/m/n on input line 24.
LaTeX Font Info:    Overwriting symbol font `largesymbols' in version `normal'
(Font)                  OMX/cmex/m/n --> OMX/lmex/m/n on input line 25.
LaTeX Font Info:    Overwriting symbol font `operators' in version `bold'
(Font)                  OT1/cmr/bx/n --> OT1/lmr/bx/n on input line 26.
LaTeX Font Info:    Overwriting symbol font `letters' in version `bold'
(Font)                  OML/cmm/b/it --> OML/lmm/b/it on input line 27.
LaTeX Font Info:    Overwriting symbol font `symbols' in version `bold'
(Font)                  OMS/cmsy/b/n --> OMS/lmsy/b/n on input line 28.
LaTeX Font Info:    Overwriting symbol font `largesymbols' in version `bold'
(Font)                  OMX/cmex/m/n --> OMX/lmex/m/n on input line 29.
LaTeX Font Info:    Overwriting math alphabet `\mathbf' in version `normal'
(Font)                  OT1/cmr/bx/n --> OT1/lmr/bx/n on input line 31.
LaTeX Font Info:    Overwriting math alphabet `\mathsf' in version `normal'
(Font)                  OT1/cmss/m/n --> OT1/lmss/m/n on input line 32.
LaTeX Font Info:    Overwriting math alphabet `\mathit' in version `normal'
(Font)                  OT1/cmr/m/it --> OT1/lmr/m/it on input line 33.
LaTeX Font Info:    Overwriting math alphabet `\mathtt' in version `normal'
(Font)                  OT1/cmtt/m/n --> OT1/lmtt/m/n on input line 34.
LaTeX Font Info:    Overwriting math alphabet `\mathbf' in version `bold'
(Font)                  OT1/cmr/bx/n --> OT1/lmr/bx/n on input line 35.
LaTeX Font Info:    Overwriting math alphabet `\mathsf' in version `bold'
(Font)                  OT1/cmss/bx/n --> OT1/lmss/bx/n on input line 36.
LaTeX Font Info:    Overwriting math alphabet `\mathit' in version `bold'
(Font)                  OT1/cmr/bx/it --> OT1/lmr/bx/it on input line 37.
LaTeX Font Info:    Overwriting math alphabet `\mathtt' in version `bold'
(Font)                  OT1/cmtt/m/n --> OT1/lmtt/m/n on input line 38.
) (c:/Users/hp/AppData/Roaming/TinyTeX/texmf-dist/tex/latex/float/float.sty
Package: float 2001/11/08 v1.3d Float enhancements (AL)
\c@float@type=\count301
\float@exts=\toks33
\float@box=\box60
\@float@everytoks=\toks34
\@floatcapt=\box61
) (c:/Users/hp/AppData/Roaming/TinyTeX/texmf-dist/tex/latex/tools/calc.sty
Package: calc 2017/05/25 v4.3 Infix arithmetic (KKT,FJ)
\calc@Acount=\count302
\calc@Bcount=\count303
\calc@Adimen=\dimen181
\calc@Bdimen=\dimen182
\calc@Askip=\skip71
\calc@Bskip=\skip72
LaTeX Info: Redefining \setlength on input line 80.
LaTeX Info: Redefining \addtolength on input line 81.
\calc@Ccount=\count304
\calc@Cskip=\skip73
) (c:/Users/hp/AppData/Roaming/TinyTeX/texmf-dist/tex/latex/graphics/rotating.sty
Package: rotating 2016/08/11 v2.16d rotated objects in LaTeX
(c:/Users/hp/AppData/Roaming/TinyTeX/texmf-dist/tex/latex/base/ifthen.sty
Package: ifthen 2022/04/13 v1.1d Standard LaTeX ifthen package (DPC)
)
\c@r@tfl@t=\count305
\rotFPtop=\skip74
\rotFPbot=\skip75
\rot@float@box=\box62
\rot@mess@toks=\toks35
) (c:/Users/hp/AppData/Roaming/TinyTeX/texmf-dist/tex/latex/caption/caption.sty
Package: caption 2022/03/01 v3.6b Customizing captions (AR)
(c:/Users/hp/AppData/Roaming/TinyTeX/texmf-dist/tex/latex/caption/caption3.sty
Package: caption3 2022/03/17 v2.3b caption3 kernel (AR)
\caption@tempdima=\dimen183
\captionmargin=\dimen184
\caption@leftmargin=\dimen185
\caption@rightmargin=\dimen186
\caption@width=\dimen187
\caption@indent=\dimen188
\caption@parindent=\dimen189
\caption@hangindent=\dimen190
Package caption Info: Standard document class detected.
)
\c@caption@flags=\count306
\c@continuedfloat=\count307
Package caption Info: float package is loaded.
Package caption Info: hyperref package is loaded.
Package caption Info: longtable package is loaded.
(c:/Users/hp/AppData/Roaming/TinyTeX/texmf-dist/tex/latex/caption/ltcaption.sty
Package: ltcaption 2021/01/08 v1.4c longtable captions (AR)
)
Package caption Info: rotating package is loaded.
)
\csllabelwidth=\skip76
\cslhangindent=\skip77
LaTeX Font Info:    Trying to load font information for T1+lmr on input line 193.
(c:/Users/hp/AppData/Roaming/TinyTeX/texmf-dist/tex/latex/lm/t1lmr.fd
File: t1lmr.fd 2015/05/01 v1.6.1 Font defs for Latin Modern
) (c:/Users/hp/AppData/Roaming/TinyTeX/texmf-dist/tex/latex/l3backend/l3backend-pdftex.def
File: l3backend-pdftex.def 2022-04-20 L3 backend support: PDF output (pdfTeX)
\l__color_backend_stack_int=\count308
\l__pdf_internal_box=\box63
)

LaTeX Warning: Unused global option(s):
    [nobind].

(./thesis.aux

LaTeX Warning: Label `conc' multiply defined.

)
\openout1 = `thesis.aux'.

LaTeX Font Info:    Checking defaults for OML/cmm/m/it on input line 193.
LaTeX Font Info:    ... okay on input line 193.
LaTeX Font Info:    Checking defaults for OMS/cmsy/m/n on input line 193.
LaTeX Font Info:    ... okay on input line 193.
LaTeX Font Info:    Checking defaults for OT1/cmr/m/n on input line 193.
LaTeX Font Info:    ... okay on input line 193.
LaTeX Font Info:    Checking defaults for T1/cmr/m/n on input line 193.
LaTeX Font Info:    ... okay on input line 193.
LaTeX Font Info:    Checking defaults for TS1/cmr/m/n on input line 193.
LaTeX Font Info:    ... okay on input line 193.
LaTeX Font Info:    Checking defaults for OMX/cmex/m/n on input line 193.
LaTeX Font Info:    ... okay on input line 193.
LaTeX Font Info:    Checking defaults for U/cmr/m/n on input line 193.
LaTeX Font Info:    ... okay on input line 193.
LaTeX Font Info:    Checking defaults for PD1/pdf/m/n on input line 193.
LaTeX Font Info:    ... okay on input line 193.
LaTeX Font Info:    Checking defaults for PU/pdf/m/n on input line 193.
LaTeX Font Info:    ... okay on input line 193.
LaTeX Info: Redefining \microtypecontext on input line 193.
Package microtype Info: Applying patch `item' on input line 193.
Package microtype Info: Applying patch `toc' on input line 193.
Package microtype Info: Applying patch `eqnum' on input line 193.
Package microtype Info: Applying patch `footnote' on input line 193.
Package microtype Info: Generating PDF output.
Package microtype Info: Character protrusion enabled (level 2).
Package microtype Info: Using protrusion set `basicmath'.
Package microtype Info: Automatic font expansion enabled (level 2),
(microtype)             stretch: 20, shrink: 20, step: 1, non-selected.
Package microtype Info: Using default expansion set `alltext-nott'.
LaTeX Info: Redefining \showhyphens on input line 193.
Package microtype Info: No adjustment of tracking.
Package microtype Info: No adjustment of interword spacing.
Package microtype Info: No adjustment of character kerning.
(c:/Users/hp/AppData/Roaming/TinyTeX/texmf-dist/tex/latex/microtype/mt-cmr.cfg
File: mt-cmr.cfg 2013/05/19 v2.2 microtype config. file: Computer Modern Roman (RS)
) (c:/Users/hp/AppData/Roaming/TinyTeX/texmf-dist/tex/latex/epstopdf-pkg/epstopdf-base.sty
Package: epstopdf-base 2020-01-24 v2.11 Base part for package epstopdf
Package epstopdf-base Info: Redefining graphics rule for `.eps' on input line 485.
(c:/Users/hp/AppData/Roaming/TinyTeX/texmf-dist/tex/latex/latexconfig/epstopdf-sys.cfg
File: epstopdf-sys.cfg 2010/07/13 v1.3 Configuration of (r)epstopdf for TeX Live
))
*geometry* driver: auto-detecting
*geometry* detected driver: pdftex
*geometry* verbose mode - [ preamble ] result:
* driver: pdftex
* paper: a4paper
* layout: <same size as paper>
* layoutoffset:(h,v)=(0.0pt,0.0pt)
* modes: twoside 
* h-part:(L,W,R)=(90.3375pt, 416.83289pt, 90.3375pt)
* v-part:(T,H,B)=(90.3375pt, 664.37186pt, 90.3375pt)
* \paperwidth=597.50787pt
* \paperheight=845.04684pt
* \textwidth=416.83289pt
* \textheight=664.37186pt
* \oddsidemargin=18.0675pt
* \evensidemargin=18.0675pt
* \topmargin=-16.30629pt
* \headheight=14.5pt
* \headsep=19.8738pt
* \topskip=12.0pt
* \footskip=30.0pt
* \marginparwidth=88.0pt
* \marginparsep=7.0pt
* \columnsep=10.0pt
* \skip\footins=10.8pt plus 4.0pt minus 2.0pt
* \hoffset=0.0pt
* \voffset=0.0pt
* \mag=1000
* \@twocolumnfalse
* \@twosidetrue
* \@mparswitchtrue
* \@reversemarginfalse
* (1in=72.27pt=25.4mm, 1cm=28.453pt)

Package hyperref Info: Link coloring ON on input line 193.
(./thesis.out) (./thesis.out)
\@outlinefile=\write4
\openout4 = `thesis.out'.

Package caption Info: Begin \AtBeginDocument code.
Package caption Info: End \AtBeginDocument code.
<unisilogo.pdf, id=132, 623.75833pt x 639.06552pt>
File: unisilogo.pdf Graphic file (type pdf)
<use unisilogo.pdf>
Package pdftex.def Info: unisilogo.pdf  used on input line 201.
(pdftex.def)             Requested size: 212.07503pt x 217.27939pt.

Overfull \hbox (32.72073pt too wide) in paragraph at lines 205--209
 [] 
 []


Overfull \hbox (32.72073pt too wide) in paragraph at lines 205--209
 [] 
 []


Overfull \hbox (10.9495pt too wide) in paragraph at lines 220--234
[]  []
 []

[1
Non-PDF special ignored!
<special> !% Reed College LaTeX Thesis Class 2001/12/04 SN
Non-PDF special ignored!
<special> rawpostscript % Reed College LaTeX Thesis Class 2001/12/04 SN


{c:/Users/hp/AppData/Roaming/TinyTeX/texmf-var/fonts/map/pdftex/updmap/pdftex.map} <./unisilogo.pdf>] [2

] [1

] [2


] (./thesis.toc
LaTeX Font Info:    Trying to load font information for OT1+lmr on input line 1.
(c:/Users/hp/AppData/Roaming/TinyTeX/texmf-dist/tex/latex/lm/ot1lmr.fd
File: ot1lmr.fd 2015/05/01 v1.6.1 Font defs for Latin Modern
)
LaTeX Font Info:    Trying to load font information for OML+lmm on input line 1.
(c:/Users/hp/AppData/Roaming/TinyTeX/texmf-dist/tex/latex/lm/omllmm.fd
File: omllmm.fd 2015/05/01 v1.6.1 Font defs for Latin Modern
)
LaTeX Font Info:    Trying to load font information for OMS+lmsy on input line 1.
(c:/Users/hp/AppData/Roaming/TinyTeX/texmf-dist/tex/latex/lm/omslmsy.fd
File: omslmsy.fd 2015/05/01 v1.6.1 Font defs for Latin Modern
)
LaTeX Font Info:    Trying to load font information for OMX+lmex on input line 1.
(c:/Users/hp/AppData/Roaming/TinyTeX/texmf-dist/tex/latex/lm/omxlmex.fd
File: omxlmex.fd 2015/05/01 v1.6.1 Font defs for Latin Modern
)
LaTeX Font Info:    External font `lmex10' loaded for size
(Font)              <12> on input line 1.
LaTeX Font Info:    External font `lmex10' loaded for size
(Font)              <8> on input line 1.
LaTeX Font Info:    External font `lmex10' loaded for size
(Font)              <6> on input line 1.
LaTeX Font Info:    Trying to load font information for U+lasy on input line 1.
(c:/Users/hp/AppData/Roaming/TinyTeX/texmf-dist/tex/latex/base/ulasy.fd
File: ulasy.fd 1998/08/17 v2.2e LaTeX symbol font definitions
)
LaTeX Font Info:    Trying to load font information for U+msa on input line 1.
(c:/Users/hp/AppData/Roaming/TinyTeX/texmf-dist/tex/latex/amsfonts/umsa.fd
File: umsa.fd 2013/01/14 v3.01 AMS symbols A
) (c:/Users/hp/AppData/Roaming/TinyTeX/texmf-dist/tex/latex/microtype/mt-msa.cfg
File: mt-msa.cfg 2006/02/04 v1.1 microtype config. file: AMS symbols (a) (RS)
)
LaTeX Font Info:    Trying to load font information for U+msb on input line 1.
(c:/Users/hp/AppData/Roaming/TinyTeX/texmf-dist/tex/latex/amsfonts/umsb.fd
File: umsb.fd 2013/01/14 v3.01 AMS symbols B
) (c:/Users/hp/AppData/Roaming/TinyTeX/texmf-dist/tex/latex/microtype/mt-msb.cfg
File: mt-msb.cfg 2005/06/01 v1.0 microtype config. file: AMS symbols (b) (RS)
) [3])
\tf@toc=\write5
\openout5 = `thesis.toc'.

[4] (./thesis.lot)
\tf@lot=\write6
\openout6 = `thesis.lot'.

[5

] [6

] (./thesis.lof)
\tf@lof=\write7
\openout7 = `thesis.lof'.

[7] [8

]
Underfull \hbox (badness 10000) in paragraph at lines 261--263

 []


Underfull \hbox (badness 10000) in paragraph at lines 264--265

 []


pdfTeX warning (ext4): destination with the same identifier (name{page.1}) has been already used, duplicate ignored
<to be read again> 
                   \relax 
l.269 ...ement in India and the World}\label{ch1}}
                                                   [1

]
pdfTeX warning (ext4): destination with the same identifier (name{page.2}) has been already used, duplicate ignored
<to be read again> 
                   \relax 
l.269 ...ement in India and the World}\label{ch1}}
                                                   [2

]
Chapter 1.

Underfull \hbox (badness 1681) in paragraph at lines 271--273
\T1/lmr/m/n/12 (+20) mea-sure-ment of GDP and re-lated macroe-co-nomic ag-gre-gates to iden-tify
 []


Underfull \hbox (badness 10000) in paragraph at lines 271--273

 []


Underfull \hbox (badness 10000) in paragraph at lines 274--276

 []


Underfull \vbox (badness 10000) has occurred while \output is active []

[3]
LaTeX Font Info:    External font `lmex10' loaded for size
(Font)              <10> on input line 282.
LaTeX Font Info:    External font `lmex10' loaded for size
(Font)              <7> on input line 282.
LaTeX Font Info:    External font `lmex10' loaded for size
(Font)              <5> on input line 282.

Underfull \hbox (badness 10000) in paragraph at lines 287--289

 []

[4]
Underfull \hbox (badness 10000) in paragraph at lines 290--292

 []


Underfull \hbox (badness 10000) in paragraph at lines 293--295

 []


Underfull \hbox (badness 10000) in paragraph at lines 296--298

 []


Underfull \vbox (badness 10000) has occurred while \output is active []

[5]
Underfull \hbox (badness 10000) in paragraph at lines 299--301

 []

[6]
Underfull \vbox (badness 4156) has occurred while \output is active []

[7]
Underfull \hbox (badness 10000) in paragraph at lines 333--336

 []


Underfull \hbox (badness 2809) in paragraph at lines 337--339
[]\T1/lmr/m/n/12 (+20) In In-dia, GDP is es-ti-mated us-ing the pro-duc-tion and ex-pen-di-ture
 []


Underfull \hbox (badness 1231) in paragraph at lines 337--339
\T1/lmr/m/n/12 (+20) method. The for-mer es-ti-mates gross value added (GVA) by eight sec-
 []


Underfull \hbox (badness 1028) in paragraph at lines 337--339
\T1/lmr/m/n/12 (+20) pre-vi-ously. How-ever, there is lit-tle to no data es-ti-mated us-ing the in-
 []


Underfull \hbox (badness 10000) in paragraph at lines 337--339

 []

[8]
Underfull \hbox (badness 10000) in paragraph at lines 350--352

 []


Underfull \hbox (badness 10000) in paragraph at lines 353--355

 []

[9]
Underfull \hbox (badness 10000) in paragraph at lines 356--358

 []

<figure/nagaraj1.jpeg, id=397, 433.62pt x 289.08pt>
File: figure/nagaraj1.jpeg Graphic file (type jpg)
<use figure/nagaraj1.jpeg>
Package pdftex.def Info: figure/nagaraj1.jpeg  used on input line 362.
(pdftex.def)             Requested size: 416.83289pt x 277.90181pt.
<figure/nagaraj2.jpeg, id=398, 433.62pt x 289.08pt>
File: figure/nagaraj2.jpeg Graphic file (type jpg)
<use figure/nagaraj2.jpeg>
Package pdftex.def Info: figure/nagaraj2.jpeg  used on input line 370.
(pdftex.def)             Requested size: 416.83289pt x 277.90181pt.

Underfull \vbox (badness 10000) has occurred while \output is active []

[10]
Underfull \hbox (badness 10000) in paragraph at lines 376--378

 []

[11 <./figure/nagaraj1.jpeg> <./figure/nagaraj2.jpeg>]
Underfull \hbox (badness 1314) in paragraph at lines 384--386
\T1/lmr/m/n/12 (+20) cor-re-lated with GDP growth (elec-tric-ity con-sump-tion, ve-hi-cle sales, real
 []


Underfull \hbox (badness 10000) in paragraph at lines 384--386

 []


Underfull \hbox (badness 10000) in paragraph at lines 387--389

 []

[12]
Underfull \hbox (badness 10000) in paragraph at lines 395--397

 []

[13] [14

]
Chapter 2.

Underfull \hbox (badness 10000) in paragraph at lines 403--405

 []


Underfull \hbox (badness 10000) in paragraph at lines 411--413

 []


Underfull \vbox (badness 1348) has occurred while \output is active []

[15]
Underfull \hbox (badness 10000) in paragraph at lines 414--416
\T1/lmr/bx/n/12 (+20) away_difference_differences_2021?[][]\T1/lmr/m/n/12 (+20) ).
 []


Underfull \hbox (badness 10000) in paragraph at lines 414--416

 []

<figure/caltrends.jpg, id=471, 578.16pt x 289.08pt>
File: figure/caltrends.jpg Graphic file (type jpg)
<use figure/caltrends.jpg>
Package pdftex.def Info: figure/caltrends.jpg  used on input line 420.
(pdftex.def)             Requested size: 416.83289pt x 208.41533pt.

Underfull \vbox (badness 10000) has occurred while \output is active []

[16]

LaTeX Warning: Command \textellipsis invalid in math mode on input line 436.


LaTeX Warning: Command \textellipsis invalid in math mode on input line 436.


Underfull \hbox (badness 10000) in paragraph at lines 436--438

 []

[17 <./figure/caltrends.jpg>]
LaTeX Font Info:    Font shape `U/lasy/b/n' in size <8> not available
(Font)              Font shape `U/lasy/m/n' tried instead on input line 468.
LaTeX Font Info:    Font shape `U/lasy/b/n' in size <6> not available
(Font)              Font shape `U/lasy/m/n' tried instead on input line 468.
[18]
Underfull \vbox (badness 10000) has occurred while \output is active []

[19]
Underfull \hbox (badness 10000) in paragraph at lines 495--498

 []

<figure/calplacebo.jpg, id=529, 578.16pt x 289.08pt>
File: figure/calplacebo.jpg Graphic file (type jpg)
<use figure/calplacebo.jpg>
Package pdftex.def Info: figure/calplacebo.jpg  used on input line 513.
(pdftex.def)             Requested size: 416.83289pt x 208.41533pt.
[20]
Underfull \hbox (badness 10000) in paragraph at lines 519--521

 []

[21 <./figure/calplacebo.jpg>]
<figure/calmspe.jpg, id=549, 578.16pt x 289.08pt>
File: figure/calmspe.jpg Graphic file (type jpg)
<use figure/calmspe.jpg>
Package pdftex.def Info: figure/calmspe.jpg  used on input line 541.
(pdftex.def)             Requested size: 416.83289pt x 208.41533pt.

LaTeX Warning: `!h' float specifier changed to `!ht'.


Underfull \hbox (badness 10000) in paragraph at lines 585--587

 []


Underfull \vbox (badness 10000) has occurred while \output is active []

[22 <./figure/calmspe.jpg>]
Underfull \hbox (badness 10000) in paragraph at lines 588--590

 []


Underfull \vbox (badness 10000) has occurred while \output is active []

[23]
Underfull \hbox (badness 10000) in paragraph at lines 596--598

 []

[24]
Underfull \hbox (badness 10000) in paragraph at lines 599--601

 []


Underfull \hbox (badness 10000) in paragraph at lines 602--604

 []


Underfull \vbox (badness 10000) has occurred while \output is active []

[25]
Underfull \hbox (badness 10000) in paragraph at lines 610--612

 []


Underfull \vbox (badness 3000) has occurred while \output is active []

[26]
Underfull \hbox (badness 10000) in paragraph at lines 621--624

 []

[27]
Underfull \hbox (badness 10000) in paragraph at lines 643--645

 []


Underfull \hbox (badness 10000) in paragraph at lines 673--676

 []


Underfull \hbox (badness 10000) in paragraph at lines 677--679

 []

[28]
Underfull \hbox (badness 10000) in paragraph at lines 680--682

 []


Underfull \hbox (badness 10000) in paragraph at lines 688--690

 []


Underfull \hbox (badness 10000) in paragraph at lines 691--711

 []

[29] [30]
Chapter 3.

Underfull \hbox (badness 10000) in paragraph at lines 717--719

 []


Underfull \hbox (badness 10000) in paragraph at lines 720--722

 []


Underfull \hbox (badness 10000) in paragraph at lines 723--725

 []


Underfull \vbox (badness 10000) has occurred while \output is active []

[31

]
Underfull \hbox (badness 10000) in paragraph at lines 731--733

 []

[32]
Underfull \hbox (badness 10000) in paragraph at lines 734--736

 []


Underfull \hbox (badness 10000) in paragraph at lines 742--744

 []

[33]
Underfull \hbox (badness 1019) in paragraph at lines 745--747
\T1/lmr/m/n/12 (+20) is de-fined through an ac-count-ing rather than an econo-met-ric frame-work,
 []


Underfull \hbox (badness 10000) in paragraph at lines 745--747

 []


Underfull \hbox (badness 1308) in paragraph at lines 757--760
\T1/lmr/m/n/12 (+20) where $\OML/lmm/m/it/12 Y[]$ \T1/lmr/m/n/12 (+20) is the ob-served GDP of donor coun-try $\OML/lmm/m/it/12 j$ \T1/lmr/m/n/12 (+20) in ab-sence of the
 []


Underfull \hbox (badness 1577) in paragraph at lines 757--760
\T1/lmr/m/n/12 (+20) treat-ment, and $\OML/lmm/m/it/12 w[]$ \T1/lmr/m/n/12 (+20) is the op-ti-mal weight as-signed by the SCM, un-der
 []


Underfull \hbox (badness 10000) in paragraph at lines 757--760

 []


Underfull \vbox (badness 10000) has occurred while \output is active []

[34]
Underfull \hbox (badness 10000) in paragraph at lines 771--790

 []

[35]
Underfull \hbox (badness 10000) in paragraph at lines 791--793

 []

LaTeX Font Info:    Trying to load font information for T1+lmtt on input line 794.
(c:/Users/hp/AppData/Roaming/TinyTeX/texmf-dist/tex/latex/lm/t1lmtt.fd
File: t1lmtt.fd 2015/05/01 v1.6.1 Font defs for Latin Modern
)
<figure/indiasynth.jpeg, id=748, 433.62pt x 289.08pt>
File: figure/indiasynth.jpeg Graphic file (type jpg)
<use figure/indiasynth.jpeg>
Package pdftex.def Info: figure/indiasynth.jpeg  used on input line 802.
(pdftex.def)             Requested size: 416.83289pt x 277.90181pt.

Underfull \vbox (badness 10000) has occurred while \output is active []

[36] [37 <./figure/indiasynth.jpeg>]
<figure/indiasynthgap.jpeg, id=759, 433.62pt x 289.08pt>
File: figure/indiasynthgap.jpeg Graphic file (type jpg)
<use figure/indiasynthgap.jpeg>
Package pdftex.def Info: figure/indiasynthgap.jpeg  used on input line 812.
(pdftex.def)             Requested size: 416.83289pt x 277.90181pt.

LaTeX Warning: Reference `fig:indiasyn' on page 38 undefined on input line 818.


Underfull \hbox (badness 10000) in paragraph at lines 818--820

 []

[38 <./figure/indiasynthgap.jpeg>]
<figure/weights.jpeg, id=765, 578.16pt x 289.08pt>
File: figure/weights.jpeg Graphic file (type jpg)
<use figure/weights.jpeg>
Package pdftex.def Info: figure/weights.jpeg  used on input line 824.
(pdftex.def)             Requested size: 416.83289pt x 208.41533pt.

Underfull \hbox (badness 10000) in paragraph at lines 830--832

 []

[39 <./figure/weights.jpeg>]
<figure/indiagsynth.jpeg, id=772, 433.62pt x 289.08pt>
File: figure/indiagsynth.jpeg Graphic file (type jpg)
<use figure/indiagsynth.jpeg>
Package pdftex.def Info: figure/indiagsynth.jpeg  used on input line 838.
(pdftex.def)             Requested size: 416.83289pt x 277.90181pt.
<figure/indiagsynthgap.jpeg, id=773, 433.62pt x 289.08pt>
File: figure/indiagsynthgap.jpeg Graphic file (type jpg)
<use figure/indiagsynthgap.jpeg>
Package pdftex.def Info: figure/indiagsynthgap.jpeg  used on input line 846.
(pdftex.def)             Requested size: 416.83289pt x 277.90181pt.
<figure/indiagsynthc2.jpeg, id=776, 433.62pt x 289.08pt>
File: figure/indiagsynthc2.jpeg Graphic file (type jpg)
<use figure/indiagsynthc2.jpeg>
Package pdftex.def Info: figure/indiagsynthc2.jpeg  used on input line 855.
(pdftex.def)             Requested size: 416.83289pt x 277.90181pt.
[40 <./figure/indiagsynth.jpeg> <./figure/indiagsynthgap.jpeg>] [41 <./figure/indiagsynthc2.jpeg>]
<figure/indiagsynthc1.jpeg, id=787, 433.62pt x 289.08pt>
File: figure/indiagsynthc1.jpeg Graphic file (type jpg)
<use figure/indiagsynthc1.jpeg>
Package pdftex.def Info: figure/indiagsynthc1.jpeg  used on input line 865.
(pdftex.def)             Requested size: 416.83289pt x 277.90181pt.
[42 <./figure/indiagsynthc1.jpeg>]
Underfull \hbox (badness 10000) in paragraph at lines 906--908

 []

[43]
<figure/msperatio.jpeg, id=799, 433.62pt x 289.08pt>
File: figure/msperatio.jpeg Graphic file (type jpg)
<use figure/msperatio.jpeg>
Package pdftex.def Info: figure/msperatio.jpeg  used on input line 943.
(pdftex.def)             Requested size: 416.83289pt x 277.90181pt.

Underfull \hbox (badness 10000) in paragraph at lines 949--967

 []

[44 <./figure/msperatio.jpeg>]
Underfull \hbox (badness 10000) in paragraph at lines 981--983
\T1/lmr/m/n/12 (+20) around the same time as the ac-tual treat-ment.
 []


Underfull \hbox (badness 10000) in paragraph at lines 981--983

 []

[45]
<figure/indiasynthbd.jpeg, id=814, 433.62pt x 289.08pt>
File: figure/indiasynthbd.jpeg Graphic file (type jpg)
<use figure/indiasynthbd.jpeg>
Package pdftex.def Info: figure/indiasynthbd.jpeg  used on input line 989.
(pdftex.def)             Requested size: 416.83289pt x 277.90181pt.
[46 <./figure/indiasynthbd.jpeg>]
<figure/indiagsynthbd.jpeg, id=820, 433.62pt x 289.08pt>
File: figure/indiagsynthbd.jpeg Graphic file (type jpg)
<use figure/indiagsynthbd.jpeg>
Package pdftex.def Info: figure/indiagsynthbd.jpeg  used on input line 999.
(pdftex.def)             Requested size: 416.83289pt x 277.90181pt.

Underfull \hbox (badness 2253) in paragraph at lines 1005--1007
[]\T1/lmr/m/n/12 (+20) Figure [][]3.10[][] shows the re-sults of back-dat-ing im-ple-mented us-ing the
 []


Underfull \hbox (badness 1038) in paragraph at lines 1005--1007
\T1/lmr/m/n/12 (+20) treat-ment year, sat-is-fy-ing both con-di-tions for ro-bust-ness. The back-dat-
 []


Underfull \hbox (badness 10000) in paragraph at lines 1005--1007

 []


Underfull \hbox (badness 10000) in paragraph at lines 1008--1010

 []

<figure/indiagsynthqtr.jpeg, id=822, 433.62pt x 289.08pt>
File: figure/indiagsynthqtr.jpeg Graphic file (type jpg)
<use figure/indiagsynthqtr.jpeg>
Package pdftex.def Info: figure/indiagsynthqtr.jpeg  used on input line 1014.
(pdftex.def)             Requested size: 416.83289pt x 277.90181pt.

Underfull \vbox (badness 10000) has occurred while \output is active []

[47 <./figure/indiagsynthbd.jpeg>]
Underfull \hbox (badness 1221) in paragraph at lines 1020--1022
\T1/lmr/m/n/12 (+20) over-all pat-terns evolve sim-i-lar to the SCM and Base-line GSCM re-sults,
 []


Underfull \hbox (badness 10000) in paragraph at lines 1020--1022

 []


pdfTeX warning (ext4): destination with the same identifier (name{conc}) has been already used, duplicate ignored
<to be read again> 
                   \relax 
l.1024 ...{Discussion and Conclusion}\label{conc}}
                                                  
Underfull \hbox (badness 10000) in paragraph at lines 1026--1028

 []

[48 <./figure/indiagsynthqtr.jpeg>]
Underfull \hbox (badness 10000) in paragraph at lines 1029--1031

 []

[49] [50

]
Underfull \vbox (badness 10000) has occurred while \output is active []

[51

]
Underfull \hbox (badness 2065) in paragraph at lines 1081--1083
[][]\T1/lmr/m/n/12 (+20) Athey, S., Bay-ati, M., Doud-chenko, N., Im-bens, G., & Khos-ravi, K.
 []


Underfull \hbox (badness 2698) in paragraph at lines 1081--1083
\T1/lmr/m/n/12 (+20) (2021). Ma-trix com-ple-tion meth-ods for causal panel data mod-els.
 []


Underfull \hbox (badness 1803) in paragraph at lines 1081--1083
\T1/lmr/m/it/12 (+20) Jour-nal of the Amer-i-can Sta-tis-ti-cal As-so-ci-a-tion\T1/lmr/m/n/12 (+20) , \T1/lmr/m/it/12 (+20) 116\T1/lmr/m/n/12 (+20) (536), 1716--1730.
 []


Underfull \hbox (badness 1584) in paragraph at lines 1096--1098
[][]\T1/lmr/m/n/12 (+20) Bhattacharya, P. (2019, June 4). The great in-dian GDP de-bate, ex-
 []


Underfull \hbox (badness 10000) in paragraph at lines 1096--1098
\T1/lmtt/m/n/12 / / www . livemint . com / news / india / the -[] great -[] indian -[] gdp -[] debate -[]
 []


Underfull \vbox (badness 10000) has occurred while \output is active []

[52]
Underfull \hbox (badness 1910) in paragraph at lines 1114--1116
\T1/lmr/m/n/12 (+20) con-for-mal in-fer-ence method for coun-ter-fac-tual and syn-thetic con-trols.
 []


Underfull \hbox (badness 1803) in paragraph at lines 1114--1116
\T1/lmr/m/it/12 (+20) Jour-nal of the Amer-i-can Sta-tis-ti-cal As-so-ci-a-tion\T1/lmr/m/n/12 (+20) , \T1/lmr/m/it/12 (+20) 116\T1/lmr/m/n/12 (+20) (536), 1849--1864.
 []


Underfull \vbox (badness 10000) has occurred while \output is active []

[53]
Underfull \hbox (badness 1609) in paragraph at lines 1177--1179
[][]\T1/lmr/m/n/12 (+20) Mankiw, N. G., & Shapiro, M. (1986). \T1/lmr/m/it/12 (+20) News or noise? An anal-y-
 []


Underfull \hbox (badness 2384) in paragraph at lines 1177--1179
\T1/lmr/m/it/12 (+20) sis of GNP re-vi-sions \T1/lmr/m/n/12 (+20) ({NBER} Work-ing Pa-per No. 1939). Na-
 []


Underfull \hbox (badness 2343) in paragraph at lines 1177--1179
\T1/lmr/m/n/12 (+20) tional Bu-reau of Eco-nomic Re-search, Inc. Re-trieved from [][]$\T1/lmtt/m/n/12 https :
 []


Underfull \vbox (badness 10000) has occurred while \output is active []

[54]
Underfull \hbox (badness 1406) in paragraph at lines 1180--1182
\T1/lmr/m/n/12 (+20) thetic con-trol ap-proach. \T1/lmr/m/it/12 (+20) De-fence and Peace Eco-nomics\T1/lmr/m/n/12 (+20) , \T1/lmr/m/it/12 (+20) 0\T1/lmr/m/n/12 (+20) (0), 1--20.
 []


Underfull \hbox (badness 1460) in paragraph at lines 1198--1200
\T1/lmr/m/n/12 (+20) 25, 2022, from [][]$\T1/lmtt/m/n/12 https : / / theprint . in / theprint -[] essential / base -[] year -[]
 []


Underfull \hbox (badness 10000) in paragraph at lines 1198--1200
\T1/lmtt/m/n/12 revised -[] growth -[] overestimation -[] all -[] that -[] you -[] need -[] to -[] know -[] about -[]
 []


Underfull \vbox (badness 10000) has occurred while \output is active []

[55]
Underfull \hbox (badness 4001) in paragraph at lines 1222--1224
\T1/lmr/m/n/12 (+20) mea-sured. \T1/lmr/m/it/12 (+20) The Amer-i-can Jour-nal of Psy-chol-ogy\T1/lmr/m/n/12 (+20) , \T1/lmr/m/it/12 (+20) 15\T1/lmr/m/n/12 (+20) (2), 201--292.
 []

[56] (./thesis.aux)

LaTeX Warning: There were undefined references.


LaTeX Warning: There were multiply-defined labels.

Package rerunfilecheck Info: File `thesis.out' has not changed.
(rerunfilecheck)             Checksum: 00691C69163784E32CE8A2DF8AF2DF65;5226.
 ) 
Here is how much of TeX's memory you used:
 16252 strings out of 479997
 268940 string characters out of 5887024
 589250 words of memory out of 5000000
 33648 multiletter control sequences out of 15000+600000
 563522 words of font info for 206 fonts, out of 8000000 for 9000
 14 hyphenation exceptions out of 8191
 72i,12n,77p,2736b,490s stack positions out of 10000i,1000n,20000p,200000b,200000s

pdfTeX warning (dest): name{ref-callaway_difference_differences_2021} has been referenced but does not exist, replaced by a fixed one


pdfTeX warning (dest): name{ref-goodman-bacon_difference_differences_2021} has been referenced but does not exist, replaced by a fixed one


pdfTeX warning (dest): name{met} has been referenced but does not exist, replaced by a fixed one

{c:/Users/hp/AppData/Roaming/TinyTeX/texmf-dist/fonts/enc/dvips/lm/lm-ec.enc}{c:/Users/hp/AppData/Roaming/TinyTeX/texmf-dist/fonts/enc/dvips/lm/lm-mathit.enc}{c:/Users/hp/AppData/Roaming/TinyTeX/texmf-dist/fonts/enc/dvips/lm/lm-rm.enc}{c:/Users/hp/AppData/Roaming/TinyTeX/texmf-dist/fonts/enc/dvips/lm/lm-mathsy.enc}{c:/Users/hp/AppData/Roaming/TinyTeX/texmf-dist/fonts/enc/dvips/lm/lm-mathex.enc}<c:/Users/hp/AppData/Roaming/TinyTeX/texmf-dist/fonts/type1/public/lm/lmbx12.pfb><c:/Users/hp/AppData/Roaming/TinyTeX/texmf-dist/fonts/type1/public/lm/lmcsc10.pfb><c:/Users/hp/AppData/Roaming/TinyTeX/texmf-dist/fonts/type1/public/lm/lmex10.pfb><c:/Users/hp/AppData/Roaming/TinyTeX/texmf-dist/fonts/type1/public/lm/lmmi12.pfb><c:/Users/hp/AppData/Roaming/TinyTeX/texmf-dist/fonts/type1/public/lm/lmmi6.pfb><c:/Users/hp/AppData/Roaming/TinyTeX/texmf-dist/fonts/type1/public/lm/lmmi8.pfb><c:/Users/hp/AppData/Roaming/TinyTeX/texmf-dist/fonts/type1/public/lm/lmmib10.pfb><c:/Users/hp/AppData/Roaming/TinyTeX/texmf-dist/fonts/type1/public/lm/lmr10.pfb><c:/Users/hp/AppData/Roaming/TinyTeX/texmf-dist/fonts/type1/public/lm/lmr12.pfb><c:/Users/hp/AppData/Roaming/TinyTeX/texmf-dist/fonts/type1/public/lm/lmr17.pfb><c:/Users/hp/AppData/Roaming/TinyTeX/texmf-dist/fonts/type1/public/lm/lmr6.pfb><c:/Users/hp/AppData/Roaming/TinyTeX/texmf-dist/fonts/type1/public/lm/lmr7.pfb><c:/Users/hp/AppData/Roaming/TinyTeX/texmf-dist/fonts/type1/public/lm/lmr8.pfb><c:/Users/hp/AppData/Roaming/TinyTeX/texmf-dist/fonts/type1/public/lm/lmri12.pfb><c:/Users/hp/AppData/Roaming/TinyTeX/texmf-dist/fonts/type1/public/lm/lmro12.pfb><c:/Users/hp/AppData/Roaming/TinyTeX/texmf-dist/fonts/type1/public/lm/lmsy10.pfb><c:/Users/hp/AppData/Roaming/TinyTeX/texmf-dist/fonts/type1/public/lm/lmsy8.pfb><c:/Users/hp/AppData/Roaming/TinyTeX/texmf-dist/fonts/type1/public/lm/lmtt12.pfb>
Output written on thesis.pdf (66 pages, 2554646 bytes).
PDF statistics:
 1102 PDF objects out of 1200 (max. 8388607)
 953 compressed objects within 10 object streams
 247 named destinations out of 1000 (max. 500000)
 49494 words of extra memory for PDF output out of 51595 (max. 10000000)

